centos7-1 | SUCCESS => {
    "ansible_facts": {
        "ansible_all_ipv4_addresses": [
            "192.168.36.156", 
            "10.0.2.15", 
            "10.16.143.156"
        ], 
        "ansible_all_ipv6_addresses": [
            "fe80::a00:27ff:fe3e:e4a", 
            "fe80::5054:ff:feca:e48b", 
            "fe80::a00:27ff:fe84:6870"
        ], 
        "ansible_apparmor": {
            "status": "disabled"
        }, 
        "ansible_architecture": "x86_64", 
        "ansible_bios_date": "12/01/2006", 
        "ansible_bios_version": "VirtualBox", 
        "ansible_cmdline": {
            "BOOT_IMAGE": "/vmlinuz-3.10.0-693.5.2.el7.x86_64", 
            "biosdevname": "0", 
            "console": "ttyS0,115200n8", 
            "crashkernel": "auto", 
            "net.ifnames": "0", 
            "no_timer_check": true, 
            "quiet": true, 
            "rd.lvm.lv": "VolGroup00/LogVol01", 
            "rhgb": true, 
            "ro": true, 
            "root": "/dev/mapper/VolGroup00-LogVol00"
        }, 
        "ansible_date_time": {
            "date": "2017-11-05", 
            "day": "05", 
            "epoch": "1509901803", 
            "hour": "17", 
            "iso8601": "2017-11-05T17:10:03Z", 
            "iso8601_basic": "20171105T171003004095", 
            "iso8601_basic_short": "20171105T171003", 
            "iso8601_micro": "2017-11-05T17:10:03.004166Z", 
            "minute": "10", 
            "month": "11", 
            "second": "03", 
            "time": "17:10:03", 
            "tz": "UTC", 
            "tz_offset": "+0000", 
            "weekday": "Sunday", 
            "weekday_number": "0", 
            "weeknumber": "44", 
            "year": "2017"
        }, 
        "ansible_default_ipv4": {
            "address": "10.0.2.15", 
            "alias": "eth0", 
            "broadcast": "10.0.2.255", 
            "gateway": "10.0.2.2", 
            "interface": "eth0", 
            "macaddress": "52:54:00:ca:e4:8b", 
            "mtu": 1500, 
            "netmask": "255.255.255.0", 
            "network": "10.0.2.0", 
            "type": "ether"
        }, 
        "ansible_default_ipv6": {}, 
        "ansible_device_links": {
            "ids": {
                "dm-0": [
                    "dm-name-VolGroup00-LogVol00", 
                    "dm-uuid-LVM-wpCUQsGSFQFAnYt5xJn2Dy5cVu1g2VUXENMPRH4Pb0dtdzs5Qfuc2wbxkzN99DXN"
                ], 
                "dm-1": [
                    "dm-name-VolGroup00-LogVol01", 
                    "dm-uuid-LVM-wpCUQsGSFQFAnYt5xJn2Dy5cVu1g2VUX0zCQLq7hhBw0M1bgeI7QFJUhPwyx2DfO"
                ], 
                "sda": [
                    "ata-VBOX_HARDDISK_VB6120a776-de9e6eb2"
                ], 
                "sda1": [
                    "ata-VBOX_HARDDISK_VB6120a776-de9e6eb2-part1"
                ], 
                "sda2": [
                    "ata-VBOX_HARDDISK_VB6120a776-de9e6eb2-part2"
                ], 
                "sda3": [
                    "ata-VBOX_HARDDISK_VB6120a776-de9e6eb2-part3", 
                    "lvm-pv-uuid-kxjbH6-mg0F-GEgn-YgIt-1f2I-mG24-d1NB5p"
                ], 
                "sdb": [
                    "ata-VBOX_HARDDISK_VB5c1ef5b5-30c14957"
                ]
            }, 
            "labels": {}, 
            "masters": {
                "sda3": [
                    "dm-0", 
                    "dm-1"
                ]
            }, 
            "uuids": {
                "dm-0": [
                    "598bbfb9-027e-4f52-a5b3-c4d3d1fbc2b8"
                ], 
                "dm-1": [
                    "4537d533-47ff-463c-bffc-7ce294d9c93a"
                ], 
                "sda2": [
                    "8ffa0ee9-e1a8-4c03-acce-b65b342c6935"
                ]
            }
        }, 
        "ansible_devices": {
            "dm-0": {
                "holders": [], 
                "host": "", 
                "links": {
                    "ids": [
                        "dm-name-VolGroup00-LogVol00", 
                        "dm-uuid-LVM-wpCUQsGSFQFAnYt5xJn2Dy5cVu1g2VUXENMPRH4Pb0dtdzs5Qfuc2wbxkzN99DXN"
                    ], 
                    "labels": [], 
                    "masters": [], 
                    "uuids": [
                        "598bbfb9-027e-4f52-a5b3-c4d3d1fbc2b8"
                    ]
                }, 
                "model": null, 
                "partitions": {}, 
                "removable": "0", 
                "rotational": "1", 
                "sas_address": null, 
                "sas_device_handle": null, 
                "scheduler_mode": "", 
                "sectors": "78577664", 
                "sectorsize": "512", 
                "size": "37.47 GB", 
                "support_discard": "0", 
                "vendor": null, 
                "virtual": 1
            }, 
            "dm-1": {
                "holders": [], 
                "host": "", 
                "links": {
                    "ids": [
                        "dm-name-VolGroup00-LogVol01", 
                        "dm-uuid-LVM-wpCUQsGSFQFAnYt5xJn2Dy5cVu1g2VUX0zCQLq7hhBw0M1bgeI7QFJUhPwyx2DfO"
                    ], 
                    "labels": [], 
                    "masters": [], 
                    "uuids": [
                        "4537d533-47ff-463c-bffc-7ce294d9c93a"
                    ]
                }, 
                "model": null, 
                "partitions": {}, 
                "removable": "0", 
                "rotational": "1", 
                "sas_address": null, 
                "sas_device_handle": null, 
                "scheduler_mode": "", 
                "sectors": "3145728", 
                "sectorsize": "512", 
                "size": "1.50 GB", 
                "support_discard": "0", 
                "vendor": null, 
                "virtual": 1
            }, 
            "sda": {
                "holders": [], 
                "host": "", 
                "links": {
                    "ids": [
                        "ata-VBOX_HARDDISK_VB6120a776-de9e6eb2"
                    ], 
                    "labels": [], 
                    "masters": [], 
                    "uuids": []
                }, 
                "model": "VBOX HARDDISK", 
                "partitions": {
                    "sda1": {
                        "holders": [], 
                        "links": {
                            "ids": [
                                "ata-VBOX_HARDDISK_VB6120a776-de9e6eb2-part1"
                            ], 
                            "labels": [], 
                            "masters": [], 
                            "uuids": []
                        }, 
                        "sectors": "2048", 
                        "sectorsize": 512, 
                        "size": "1.00 MB", 
                        "start": "2048", 
                        "uuid": null
                    }, 
                    "sda2": {
                        "holders": [], 
                        "links": {
                            "ids": [
                                "ata-VBOX_HARDDISK_VB6120a776-de9e6eb2-part2"
                            ], 
                            "labels": [], 
                            "masters": [], 
                            "uuids": [
                                "8ffa0ee9-e1a8-4c03-acce-b65b342c6935"
                            ]
                        }, 
                        "sectors": "2097152", 
                        "sectorsize": 512, 
                        "size": "1.00 GB", 
                        "start": "4096", 
                        "uuid": "8ffa0ee9-e1a8-4c03-acce-b65b342c6935"
                    }, 
                    "sda3": {
                        "holders": [
                            "VolGroup00-LogVol00", 
                            "VolGroup00-LogVol01"
                        ], 
                        "links": {
                            "ids": [
                                "ata-VBOX_HARDDISK_VB6120a776-de9e6eb2-part3", 
                                "lvm-pv-uuid-kxjbH6-mg0F-GEgn-YgIt-1f2I-mG24-d1NB5p"
                            ], 
                            "labels": [], 
                            "masters": [
                                "dm-0", 
                                "dm-1"
                            ], 
                            "uuids": []
                        }, 
                        "sectors": "81784832", 
                        "sectorsize": 512, 
                        "size": "39.00 GB", 
                        "start": "2101248", 
                        "uuid": null
                    }
                }, 
                "removable": "0", 
                "rotational": "1", 
                "sas_address": null, 
                "sas_device_handle": null, 
                "scheduler_mode": "cfq", 
                "sectors": "83886080", 
                "sectorsize": "512", 
                "size": "40.00 GB", 
                "support_discard": "0", 
                "vendor": "ATA", 
                "virtual": 1
            }, 
            "sdb": {
                "holders": [], 
                "host": "", 
                "links": {
                    "ids": [
                        "ata-VBOX_HARDDISK_VB5c1ef5b5-30c14957"
                    ], 
                    "labels": [], 
                    "masters": [], 
                    "uuids": []
                }, 
                "model": "VBOX HARDDISK", 
                "partitions": {}, 
                "removable": "0", 
                "rotational": "1", 
                "sas_address": null, 
                "sas_device_handle": null, 
                "scheduler_mode": "cfq", 
                "sectors": "2097152", 
                "sectorsize": "512", 
                "size": "1.00 GB", 
                "support_discard": "0", 
                "vendor": "ATA", 
                "virtual": 1
            }
        }, 
        "ansible_distribution": "CentOS", 
        "ansible_distribution_file_parsed": true, 
        "ansible_distribution_file_path": "/etc/redhat-release", 
        "ansible_distribution_file_variety": "RedHat", 
        "ansible_distribution_major_version": "7", 
        "ansible_distribution_release": "Core", 
        "ansible_distribution_version": "7.4.1708", 
        "ansible_dns": {
            "nameservers": [
                "10.0.2.3", 
                "192.168.1.13"
            ], 
            "search": [
                "lanathome.com"
            ]
        }, 
        "ansible_domain": "", 
        "ansible_effective_group_id": 1000, 
        "ansible_effective_user_id": 1000, 
        "ansible_env": {
            "HOME": "/home/vagrant", 
            "LANG": "en_US.UTF-8", 
            "LESSOPEN": "||/usr/bin/lesspipe.sh %s", 
            "LOGNAME": "vagrant", 
            "LS_COLORS": "rs=0:di=38;5;27:ln=38;5;51:mh=44;38;5;15:pi=40;38;5;11:so=38;5;13:do=38;5;5:bd=48;5;232;38;5;11:cd=48;5;232;38;5;3:or=48;5;232;38;5;9:mi=05;48;5;232;38;5;15:su=48;5;196;38;5;15:sg=48;5;11;38;5;16:ca=48;5;196;38;5;226:tw=48;5;10;38;5;16:ow=48;5;10;38;5;21:st=48;5;21;38;5;15:ex=38;5;34:*.tar=38;5;9:*.tgz=38;5;9:*.arc=38;5;9:*.arj=38;5;9:*.taz=38;5;9:*.lha=38;5;9:*.lz4=38;5;9:*.lzh=38;5;9:*.lzma=38;5;9:*.tlz=38;5;9:*.txz=38;5;9:*.tzo=38;5;9:*.t7z=38;5;9:*.zip=38;5;9:*.z=38;5;9:*.Z=38;5;9:*.dz=38;5;9:*.gz=38;5;9:*.lrz=38;5;9:*.lz=38;5;9:*.lzo=38;5;9:*.xz=38;5;9:*.bz2=38;5;9:*.bz=38;5;9:*.tbz=38;5;9:*.tbz2=38;5;9:*.tz=38;5;9:*.deb=38;5;9:*.rpm=38;5;9:*.jar=38;5;9:*.war=38;5;9:*.ear=38;5;9:*.sar=38;5;9:*.rar=38;5;9:*.alz=38;5;9:*.ace=38;5;9:*.zoo=38;5;9:*.cpio=38;5;9:*.7z=38;5;9:*.rz=38;5;9:*.cab=38;5;9:*.jpg=38;5;13:*.jpeg=38;5;13:*.gif=38;5;13:*.bmp=38;5;13:*.pbm=38;5;13:*.pgm=38;5;13:*.ppm=38;5;13:*.tga=38;5;13:*.xbm=38;5;13:*.xpm=38;5;13:*.tif=38;5;13:*.tiff=38;5;13:*.png=38;5;13:*.svg=38;5;13:*.svgz=38;5;13:*.mng=38;5;13:*.pcx=38;5;13:*.mov=38;5;13:*.mpg=38;5;13:*.mpeg=38;5;13:*.m2v=38;5;13:*.mkv=38;5;13:*.webm=38;5;13:*.ogm=38;5;13:*.mp4=38;5;13:*.m4v=38;5;13:*.mp4v=38;5;13:*.vob=38;5;13:*.qt=38;5;13:*.nuv=38;5;13:*.wmv=38;5;13:*.asf=38;5;13:*.rm=38;5;13:*.rmvb=38;5;13:*.flc=38;5;13:*.avi=38;5;13:*.fli=38;5;13:*.flv=38;5;13:*.gl=38;5;13:*.dl=38;5;13:*.xcf=38;5;13:*.xwd=38;5;13:*.yuv=38;5;13:*.cgm=38;5;13:*.emf=38;5;13:*.axv=38;5;13:*.anx=38;5;13:*.ogv=38;5;13:*.ogx=38;5;13:*.aac=38;5;45:*.au=38;5;45:*.flac=38;5;45:*.mid=38;5;45:*.midi=38;5;45:*.mka=38;5;45:*.mp3=38;5;45:*.mpc=38;5;45:*.ogg=38;5;45:*.ra=38;5;45:*.wav=38;5;45:*.axa=38;5;45:*.oga=38;5;45:*.spx=38;5;45:*.xspf=38;5;45:", 
            "MAIL": "/var/mail/vagrant", 
            "PATH": "/usr/local/bin:/usr/bin", 
            "PWD": "/home/vagrant", 
            "SELINUX_LEVEL_REQUESTED": "", 
            "SELINUX_ROLE_REQUESTED": "", 
            "SELINUX_USE_CURRENT_RANGE": "", 
            "SHELL": "/bin/bash", 
            "SHLVL": "2", 
            "SSH_CLIENT": "10.0.2.2 51128 22", 
            "SSH_CONNECTION": "10.0.2.2 51128 10.0.2.15 22", 
            "SSH_TTY": "/dev/pts/1", 
            "TERM": "xterm-256color", 
            "USER": "vagrant", 
            "XDG_RUNTIME_DIR": "/run/user/1000", 
            "XDG_SESSION_ID": "15", 
            "_": "/usr/bin/python"
        }, 
        "ansible_eth0": {
            "active": true, 
            "device": "eth0", 
            "features": {
                "busy_poll": "off [fixed]", 
                "fcoe_mtu": "off [fixed]", 
                "generic_receive_offload": "on", 
                "generic_segmentation_offload": "on", 
                "highdma": "off [fixed]", 
                "hw_tc_offload": "off [fixed]", 
                "l2_fwd_offload": "off [fixed]", 
                "large_receive_offload": "off [fixed]", 
                "loopback": "off [fixed]", 
                "netns_local": "off [fixed]", 
                "ntuple_filters": "off [fixed]", 
                "receive_hashing": "off [fixed]", 
                "rx_all": "off", 
                "rx_checksumming": "off", 
                "rx_fcs": "off", 
                "rx_vlan_filter": "on [fixed]", 
                "rx_vlan_offload": "on", 
                "rx_vlan_stag_filter": "off [fixed]", 
                "rx_vlan_stag_hw_parse": "off [fixed]", 
                "scatter_gather": "on", 
                "tcp_segmentation_offload": "on", 
                "tx_checksum_fcoe_crc": "off [fixed]", 
                "tx_checksum_ip_generic": "on", 
                "tx_checksum_ipv4": "off [fixed]", 
                "tx_checksum_ipv6": "off [fixed]", 
                "tx_checksum_sctp": "off [fixed]", 
                "tx_checksumming": "on", 
                "tx_fcoe_segmentation": "off [fixed]", 
                "tx_gre_csum_segmentation": "off [fixed]", 
                "tx_gre_segmentation": "off [fixed]", 
                "tx_gso_partial": "off [fixed]", 
                "tx_gso_robust": "off [fixed]", 
                "tx_ipip_segmentation": "off [fixed]", 
                "tx_lockless": "off [fixed]", 
                "tx_mpls_segmentation": "off [fixed]", 
                "tx_nocache_copy": "off", 
                "tx_scatter_gather": "on", 
                "tx_scatter_gather_fraglist": "off [fixed]", 
                "tx_sctp_segmentation": "off [fixed]", 
                "tx_sit_segmentation": "off [fixed]", 
                "tx_tcp6_segmentation": "off [fixed]", 
                "tx_tcp_ecn_segmentation": "off [fixed]", 
                "tx_tcp_mangleid_segmentation": "off", 
                "tx_tcp_segmentation": "on", 
                "tx_udp_tnl_csum_segmentation": "off [fixed]", 
                "tx_udp_tnl_segmentation": "off [fixed]", 
                "tx_vlan_offload": "on [fixed]", 
                "tx_vlan_stag_hw_insert": "off [fixed]", 
                "udp_fragmentation_offload": "off [fixed]", 
                "vlan_challenged": "off [fixed]"
            }, 
            "hw_timestamp_filters": [], 
            "ipv4": {
                "address": "10.0.2.15", 
                "broadcast": "10.0.2.255", 
                "netmask": "255.255.255.0", 
                "network": "10.0.2.0"
            }, 
            "ipv6": [
                {
                    "address": "fe80::5054:ff:feca:e48b", 
                    "prefix": "64", 
                    "scope": "link"
                }
            ], 
            "macaddress": "52:54:00:ca:e4:8b", 
            "module": "e1000", 
            "mtu": 1500, 
            "pciid": "0000:00:03.0", 
            "promisc": false, 
            "speed": 1000, 
            "timestamping": [
                "tx_software", 
                "rx_software", 
                "software"
            ], 
            "type": "ether"
        }, 
        "ansible_eth1": {
            "active": true, 
            "device": "eth1", 
            "features": {
                "busy_poll": "off [fixed]", 
                "fcoe_mtu": "off [fixed]", 
                "generic_receive_offload": "on", 
                "generic_segmentation_offload": "on", 
                "highdma": "off [fixed]", 
                "hw_tc_offload": "off [fixed]", 
                "l2_fwd_offload": "off [fixed]", 
                "large_receive_offload": "off [fixed]", 
                "loopback": "off [fixed]", 
                "netns_local": "off [fixed]", 
                "ntuple_filters": "off [fixed]", 
                "receive_hashing": "off [fixed]", 
                "rx_all": "off", 
                "rx_checksumming": "off", 
                "rx_fcs": "off", 
                "rx_vlan_filter": "on [fixed]", 
                "rx_vlan_offload": "on", 
                "rx_vlan_stag_filter": "off [fixed]", 
                "rx_vlan_stag_hw_parse": "off [fixed]", 
                "scatter_gather": "on", 
                "tcp_segmentation_offload": "on", 
                "tx_checksum_fcoe_crc": "off [fixed]", 
                "tx_checksum_ip_generic": "on", 
                "tx_checksum_ipv4": "off [fixed]", 
                "tx_checksum_ipv6": "off [fixed]", 
                "tx_checksum_sctp": "off [fixed]", 
                "tx_checksumming": "on", 
                "tx_fcoe_segmentation": "off [fixed]", 
                "tx_gre_csum_segmentation": "off [fixed]", 
                "tx_gre_segmentation": "off [fixed]", 
                "tx_gso_partial": "off [fixed]", 
                "tx_gso_robust": "off [fixed]", 
                "tx_ipip_segmentation": "off [fixed]", 
                "tx_lockless": "off [fixed]", 
                "tx_mpls_segmentation": "off [fixed]", 
                "tx_nocache_copy": "off", 
                "tx_scatter_gather": "on", 
                "tx_scatter_gather_fraglist": "off [fixed]", 
                "tx_sctp_segmentation": "off [fixed]", 
                "tx_sit_segmentation": "off [fixed]", 
                "tx_tcp6_segmentation": "off [fixed]", 
                "tx_tcp_ecn_segmentation": "off [fixed]", 
                "tx_tcp_mangleid_segmentation": "off", 
                "tx_tcp_segmentation": "on", 
                "tx_udp_tnl_csum_segmentation": "off [fixed]", 
                "tx_udp_tnl_segmentation": "off [fixed]", 
                "tx_vlan_offload": "on [fixed]", 
                "tx_vlan_stag_hw_insert": "off [fixed]", 
                "udp_fragmentation_offload": "off [fixed]", 
                "vlan_challenged": "off [fixed]"
            }, 
            "hw_timestamp_filters": [], 
            "ipv4": {
                "address": "192.168.36.156", 
                "broadcast": "192.168.36.255", 
                "netmask": "255.255.255.0", 
                "network": "192.168.36.0"
            }, 
            "ipv6": [
                {
                    "address": "fe80::a00:27ff:fe3e:e4a", 
                    "prefix": "64", 
                    "scope": "link"
                }
            ], 
            "macaddress": "08:00:27:3e:0e:4a", 
            "module": "e1000", 
            "mtu": 1500, 
            "pciid": "0000:00:08.0", 
            "promisc": false, 
            "speed": 1000, 
            "timestamping": [
                "tx_software", 
                "rx_software", 
                "software"
            ], 
            "type": "ether"
        }, 
        "ansible_eth2": {
            "active": true, 
            "device": "eth2", 
            "features": {
                "busy_poll": "off [fixed]", 
                "fcoe_mtu": "off [fixed]", 
                "generic_receive_offload": "on", 
                "generic_segmentation_offload": "on", 
                "highdma": "off [fixed]", 
                "hw_tc_offload": "off [fixed]", 
                "l2_fwd_offload": "off [fixed]", 
                "large_receive_offload": "off [fixed]", 
                "loopback": "off [fixed]", 
                "netns_local": "off [fixed]", 
                "ntuple_filters": "off [fixed]", 
                "receive_hashing": "off [fixed]", 
                "rx_all": "off", 
                "rx_checksumming": "off", 
                "rx_fcs": "off", 
                "rx_vlan_filter": "on [fixed]", 
                "rx_vlan_offload": "on", 
                "rx_vlan_stag_filter": "off [fixed]", 
                "rx_vlan_stag_hw_parse": "off [fixed]", 
                "scatter_gather": "on", 
                "tcp_segmentation_offload": "on", 
                "tx_checksum_fcoe_crc": "off [fixed]", 
                "tx_checksum_ip_generic": "on", 
                "tx_checksum_ipv4": "off [fixed]", 
                "tx_checksum_ipv6": "off [fixed]", 
                "tx_checksum_sctp": "off [fixed]", 
                "tx_checksumming": "on", 
                "tx_fcoe_segmentation": "off [fixed]", 
                "tx_gre_csum_segmentation": "off [fixed]", 
                "tx_gre_segmentation": "off [fixed]", 
                "tx_gso_partial": "off [fixed]", 
                "tx_gso_robust": "off [fixed]", 
                "tx_ipip_segmentation": "off [fixed]", 
                "tx_lockless": "off [fixed]", 
                "tx_mpls_segmentation": "off [fixed]", 
                "tx_nocache_copy": "off", 
                "tx_scatter_gather": "on", 
                "tx_scatter_gather_fraglist": "off [fixed]", 
                "tx_sctp_segmentation": "off [fixed]", 
                "tx_sit_segmentation": "off [fixed]", 
                "tx_tcp6_segmentation": "off [fixed]", 
                "tx_tcp_ecn_segmentation": "off [fixed]", 
                "tx_tcp_mangleid_segmentation": "off", 
                "tx_tcp_segmentation": "on", 
                "tx_udp_tnl_csum_segmentation": "off [fixed]", 
                "tx_udp_tnl_segmentation": "off [fixed]", 
                "tx_vlan_offload": "on [fixed]", 
                "tx_vlan_stag_hw_insert": "off [fixed]", 
                "udp_fragmentation_offload": "off [fixed]", 
                "vlan_challenged": "off [fixed]"
            }, 
            "hw_timestamp_filters": [], 
            "ipv4": {
                "address": "10.16.143.156", 
                "broadcast": "10.16.143.255", 
                "netmask": "255.255.255.0", 
                "network": "10.16.143.0"
            }, 
            "ipv6": [
                {
                    "address": "fe80::a00:27ff:fe84:6870", 
                    "prefix": "64", 
                    "scope": "link"
                }
            ], 
            "macaddress": "08:00:27:84:68:70", 
            "module": "e1000", 
            "mtu": 1500, 
            "pciid": "0000:00:09.0", 
            "promisc": false, 
            "speed": 1000, 
            "timestamping": [
                "tx_software", 
                "rx_software", 
                "software"
            ], 
            "type": "ether"
        }, 
        "ansible_fips": false, 
        "ansible_form_factor": "Other", 
        "ansible_fqdn": "centos7-1", 
        "ansible_hostname": "centos7-1", 
        "ansible_interfaces": [
            "lo", 
            "eth2", 
            "eth1", 
            "eth0"
        ], 
        "ansible_kernel": "3.10.0-693.5.2.el7.x86_64", 
        "ansible_lo": {
            "active": true, 
            "device": "lo", 
            "features": {
                "busy_poll": "off [fixed]", 
                "fcoe_mtu": "off [fixed]", 
                "generic_receive_offload": "on", 
                "generic_segmentation_offload": "on", 
                "highdma": "on [fixed]", 
                "hw_tc_offload": "off [fixed]", 
                "l2_fwd_offload": "off [fixed]", 
                "large_receive_offload": "off [fixed]", 
                "loopback": "on [fixed]", 
                "netns_local": "on [fixed]", 
                "ntuple_filters": "off [fixed]", 
                "receive_hashing": "off [fixed]", 
                "rx_all": "off [fixed]", 
                "rx_checksumming": "on [fixed]", 
                "rx_fcs": "off [fixed]", 
                "rx_vlan_filter": "off [fixed]", 
                "rx_vlan_offload": "off [fixed]", 
                "rx_vlan_stag_filter": "off [fixed]", 
                "rx_vlan_stag_hw_parse": "off [fixed]", 
                "scatter_gather": "on", 
                "tcp_segmentation_offload": "on", 
                "tx_checksum_fcoe_crc": "off [fixed]", 
                "tx_checksum_ip_generic": "on [fixed]", 
                "tx_checksum_ipv4": "off [fixed]", 
                "tx_checksum_ipv6": "off [fixed]", 
                "tx_checksum_sctp": "on [fixed]", 
                "tx_checksumming": "on", 
                "tx_fcoe_segmentation": "off [fixed]", 
                "tx_gre_csum_segmentation": "off [fixed]", 
                "tx_gre_segmentation": "off [fixed]", 
                "tx_gso_partial": "off [fixed]", 
                "tx_gso_robust": "off [fixed]", 
                "tx_ipip_segmentation": "off [fixed]", 
                "tx_lockless": "on [fixed]", 
                "tx_mpls_segmentation": "off [fixed]", 
                "tx_nocache_copy": "off [fixed]", 
                "tx_scatter_gather": "on [fixed]", 
                "tx_scatter_gather_fraglist": "on [fixed]", 
                "tx_sctp_segmentation": "on", 
                "tx_sit_segmentation": "off [fixed]", 
                "tx_tcp6_segmentation": "on", 
                "tx_tcp_ecn_segmentation": "on", 
                "tx_tcp_mangleid_segmentation": "on", 
                "tx_tcp_segmentation": "on", 
                "tx_udp_tnl_csum_segmentation": "off [fixed]", 
                "tx_udp_tnl_segmentation": "off [fixed]", 
                "tx_vlan_offload": "off [fixed]", 
                "tx_vlan_stag_hw_insert": "off [fixed]", 
                "udp_fragmentation_offload": "on", 
                "vlan_challenged": "on [fixed]"
            }, 
            "hw_timestamp_filters": [], 
            "ipv4": {
                "address": "127.0.0.1", 
                "broadcast": "host", 
                "netmask": "255.0.0.0", 
                "network": "127.0.0.0"
            }, 
            "ipv6": [
                {
                    "address": "::1", 
                    "prefix": "128", 
                    "scope": "host"
                }
            ], 
            "mtu": 65536, 
            "promisc": false, 
            "timestamping": [
                "rx_software", 
                "software"
            ], 
            "type": "loopback"
        }, 
        "ansible_local": {}, 
        "ansible_lsb": {}, 
        "ansible_machine": "x86_64", 
        "ansible_machine_id": "2feccee117d744bab5f798e39c1791f5", 
        "ansible_memfree_mb": 267, 
        "ansible_memory_mb": {
            "nocache": {
                "free": 361, 
                "used": 127
            }, 
            "real": {
                "free": 267, 
                "total": 488, 
                "used": 221
            }, 
            "swap": {
                "cached": 0, 
                "free": 1535, 
                "total": 1535, 
                "used": 0
            }
        }, 
        "ansible_memtotal_mb": 488, 
        "ansible_mounts": [
            {
                "block_available": 9588412, 
                "block_size": 4096, 
                "block_total": 9817412, 
                "block_used": 229000, 
                "device": "/dev/mapper/VolGroup00-LogVol00", 
                "fstype": "xfs", 
                "inode_available": 19605181, 
                "inode_total": 19644416, 
                "inode_used": 39235, 
                "mount": "/", 
                "options": "rw,seclabel,relatime,attr2,inode64,noquota", 
                "size_available": 39274135552, 
                "size_total": 40212119552, 
                "uuid": "598bbfb9-027e-4f52-a5b3-c4d3d1fbc2b8"
            }, 
            {
                "block_available": 243671, 
                "block_size": 4096, 
                "block_total": 259584, 
                "block_used": 15913, 
                "device": "/dev/sda2", 
                "fstype": "xfs", 
                "inode_available": 523997, 
                "inode_total": 524288, 
                "inode_used": 291, 
                "mount": "/boot", 
                "options": "rw,seclabel,relatime,attr2,inode64,noquota", 
                "size_available": 998076416, 
                "size_total": 1063256064, 
                "uuid": "8ffa0ee9-e1a8-4c03-acce-b65b342c6935"
            }
        ], 
        "ansible_nodename": "centos7-1", 
        "ansible_os_family": "RedHat", 
        "ansible_pkg_mgr": "yum", 
        "ansible_processor": [
            "0", 
            "GenuineIntel", 
            "Intel(R) Core(TM) i5-6267U CPU @ 2.90GHz"
        ], 
        "ansible_processor_cores": 1, 
        "ansible_processor_count": 1, 
        "ansible_processor_threads_per_core": 1, 
        "ansible_processor_vcpus": 1, 
        "ansible_product_name": "VirtualBox", 
        "ansible_product_serial": "NA", 
        "ansible_product_uuid": "NA", 
        "ansible_product_version": "1.2", 
        "ansible_python": {
            "executable": "/usr/bin/python", 
            "has_sslcontext": true, 
            "type": "CPython", 
            "version": {
                "major": 2, 
                "micro": 5, 
                "minor": 7, 
                "releaselevel": "final", 
                "serial": 0
            }, 
            "version_info": [
                2, 
                7, 
                5, 
                "final", 
                0
            ]
        }, 
        "ansible_python_version": "2.7.5", 
        "ansible_real_group_id": 1000, 
        "ansible_real_user_id": 1000, 
        "ansible_selinux": {
            "config_mode": "enforcing", 
            "mode": "enforcing", 
            "policyvers": 28, 
            "status": "enabled", 
            "type": "targeted"
        }, 
        "ansible_selinux_python_present": true, 
        "ansible_service_mgr": "systemd", 
        "ansible_ssh_host_key_ecdsa_public": "AAAAE2VjZHNhLXNoYTItbmlzdHAyNTYAAAAIbmlzdHAyNTYAAABBBBV3tNWzS6PQA/79l8hNmnO58o38Jn+7PyLMvMtdlj3FhTLES2tlCID2ojjcUEOEtv8IlRjZRcCvP6CrkOeDFU0=", 
        "ansible_ssh_host_key_ed25519_public": "AAAAC3NzaC1lZDI1NTE5AAAAIJl1eBT1IqjSzbwZcgr+FXa1ghds0Fjb7z1cisEqL8pZ", 
        "ansible_ssh_host_key_rsa_public": "AAAAB3NzaC1yc2EAAAADAQABAAABAQCZuoKFFAyTqkg7pZQd21NKP7O9DozJhuWyISRf5yJsM9ODVb3KuBLatPGtywIf888gvDNRKbNvBu7HUFCn2045/luNolZe+84z/QnptqJzlzjuAL/SRugx9HdvOKO3nvUgz6JvcPcnM0Om8X8btac+3acicI+DIkXSAIgIOO6/FhxwK8iDXfj8AgixI4tUxzy8FEFvwIWfO7As3qeBB3GgsfgeY9xQ09TEwnNERFrpoDz+18gUWyydrr5N/yd1TcoQ6Nb9WHWZTi3CFoZGOjXL71hR56gxvH5keznvyi2QmybFjp958bmvs7msu2cb1MOMjhNwT52S7cyUKnQTWilN", 
        "ansible_swapfree_mb": 1535, 
        "ansible_swaptotal_mb": 1535, 
        "ansible_system": "Linux", 
        "ansible_system_capabilities": [
            ""
        ], 
        "ansible_system_capabilities_enforced": "True", 
        "ansible_system_vendor": "innotek GmbH", 
        "ansible_uptime_seconds": 6193, 
        "ansible_user_dir": "/home/vagrant", 
        "ansible_user_gecos": "vagrant", 
        "ansible_user_gid": 1000, 
        "ansible_user_id": "vagrant", 
        "ansible_user_shell": "/bin/bash", 
        "ansible_user_uid": 1000, 
        "ansible_userspace_architecture": "x86_64", 
        "ansible_userspace_bits": "64", 
        "ansible_virtualization_role": "guest", 
        "ansible_virtualization_type": "virtualbox", 
        "gather_subset": [
            "all"
        ], 
        "module_setup": true
    }, 
    "changed": false, 
    "failed": false
}
